2026-03-18 00:01:22,123 - WARNING - Skipping file with long duration (0 days 09:51:35): /mnt/nfs/lss/vosslabhpc/Projects/BOOST/InterventionStudy/3-experiment/data/polarhrcsv/Supervised/sub8006/8006_wk6_ses29.CSV
2026-03-18 00:01:29,674 - WARNING - Skipping file with long duration (0 days 04:44:14): /mnt/nfs/lss/vosslabhpc/Projects/BOOST/InterventionStudy/3-experiment/data/polarhrcsv/Supervised/sub8020/8020_wk6_ses30.CSV
2026-03-18 00:01:31,335 - WARNING - Skipping file with long duration (0 days 05:52:09): /mnt/nfs/lss/vosslabhpc/Projects/BOOST/InterventionStudy/3-experiment/data/polarhrcsv/Supervised/sub8020/8020_wk5_ses21.CSV
2026-03-18 00:01:33,394 - WARNING - Skipping file with long duration (0 days 11:04:25): /mnt/nfs/lss/vosslabhpc/Projects/BOOST/InterventionStudy/3-experiment/data/polarhrcsv/Supervised/sub8020/8020_wk5_ses23.CSV
2026-03-18 00:01:33,801 - WARNING - Skipping file with long duration (0 days 10:29:40): /mnt/nfs/lss/vosslabhpc/Projects/BOOST/InterventionStudy/3-experiment/data/polarhrcsv/Supervised/sub8020/8020_wk5_ses24.CSV
2026-03-18 00:02:17,339 - WARNING - Skipping file with long duration (0 days 04:22:21): /mnt/nfs/lss/vosslabhpc/Projects/BOOST/InterventionStudy/3-experiment/data/polarhrcsv/Supervised/sub8030/8030_wk1_ses3.CSV
2026-03-18 00:02:17,554 - WARNING - Skipping file with long duration (0 days 04:08:16): /mnt/nfs/lss/vosslabhpc/Projects/BOOST/InterventionStudy/3-experiment/data/polarhrcsv/Supervised/sub8030/8030_wk2_ses10.CSV
2026-03-18 00:02:18,295 - WARNING - Skipping file with long duration (0 days 11:28:11): /mnt/nfs/lss/vosslabhpc/Projects/BOOST/InterventionStudy/3-experiment/data/polarhrcsv/Supervised/sub8030/8030_wk1_ses4.CSV
2026-03-18 00:02:24,676 - WARNING - Found 1649 time values with hour >= 24 in /mnt/nfs/lss/vosslabhpc/Projects/BOOST/InterventionStudy/3-experiment/data/polarhrcsv/Supervised/sub8030/8030_wk3_ses11.CSV (sample 24:00:00); normalizing to HH%24
2026-03-18 00:02:24,877 - WARNING - Skipping file with long duration (1 days 00:27:28): /mnt/nfs/lss/vosslabhpc/Projects/BOOST/InterventionStudy/3-experiment/data/polarhrcsv/Supervised/sub8030/8030_wk3_ses11.CSV
2026-03-18 00:02:28,990 - WARNING - Found 18013 time values with hour >= 24 in /mnt/nfs/lss/vosslabhpc/Projects/BOOST/InterventionStudy/3-experiment/data/polarhrcsv/Supervised/sub8019/8019_wk1_ses4.CSV (sample 24:00:00); normalizing to HH%24
2026-03-18 00:02:29,219 - WARNING - Skipping file with long duration (1 days 05:00:12): /mnt/nfs/lss/vosslabhpc/Projects/BOOST/InterventionStudy/3-experiment/data/polarhrcsv/Supervised/sub8019/8019_wk1_ses4.CSV
2026-03-18 00:02:53,994 - WARNING - Skipping file with long duration (0 days 05:03:49): /mnt/nfs/lss/vosslabhpc/Projects/BOOST/InterventionStudy/3-experiment/data/polarhrcsv/Supervised/sub8003/8003_wk2_ses9.CSV
2026-03-18 00:02:58,664 - WARNING - Skipping file with long duration (0 days 18:46:08): /mnt/nfs/lss/vosslabhpc/Projects/BOOST/InterventionStudy/3-experiment/data/polarhrcsv/Supervised/sub8003/8003_wk1_ses3.CSV
2026-03-18 00:02:59,265 - WARNING - Found 4837 time values with hour >= 24 in /mnt/nfs/lss/vosslabhpc/Projects/BOOST/InterventionStudy/3-experiment/data/polarhrcsv/Supervised/sub8003/8003_wk6_ses27.CSV (sample 24:00:00); normalizing to HH%24
2026-03-18 00:02:59,492 - WARNING - Skipping file with long duration (1 days 01:20:36): /mnt/nfs/lss/vosslabhpc/Projects/BOOST/InterventionStudy/3-experiment/data/polarhrcsv/Supervised/sub8003/8003_wk6_ses27.CSV
2026-03-18 00:03:02,040 - WARNING - Skipping file with long duration (0 days 21:12:48): /mnt/nfs/lss/vosslabhpc/Projects/BOOST/InterventionStudy/3-experiment/data/polarhrcsv/Supervised/sub8003/8003_wk4_ses18.CSV
2026-03-18 00:03:18,506 - WARNING - Skipping file with long duration (0 days 12:54:07): /mnt/nfs/lss/vosslabhpc/Projects/BOOST/InterventionStudy/3-experiment/data/polarhrcsv/Unsupervised/sub8003/8003_wk10_ses17.CSV
2026-03-18 00:03:20,406 - WARNING - Skipping file with long duration (0 days 23:16:19): /mnt/nfs/lss/vosslabhpc/Projects/BOOST/InterventionStudy/3-experiment/data/polarhrcsv/Unsupervised/sub8003/8003_wk9_ses15.CSV
2026-03-18 00:03:22,098 - WARNING - Skipping file with long duration (0 days 13:50:59): /mnt/nfs/lss/vosslabhpc/Projects/BOOST/InterventionStudy/3-experiment/data/polarhrcsv/Unsupervised/sub8003/8003_wk11_ses22.CSV
2026-03-18 00:03:26,252 - WARNING - Skipping file with long duration (0 days 14:01:11): /mnt/nfs/lss/vosslabhpc/Projects/BOOST/InterventionStudy/3-experiment/data/polarhrcsv/Unsupervised/sub8003/8003_wk11_ses24.CSV
2026-03-18 00:03:29,353 - WARNING - Skipping file with long duration (0 days 14:25:24): /mnt/nfs/lss/vosslabhpc/Projects/BOOST/InterventionStudy/3-experiment/data/polarhrcsv/Unsupervised/sub8003/8003_wk10_ses16.CSV
2026-03-18 00:03:29,843 - WARNING - Skipping file with long duration (0 days 15:05:24): /mnt/nfs/lss/vosslabhpc/Projects/BOOST/InterventionStudy/3-experiment/data/polarhrcsv/Unsupervised/sub8003/8003_wk10_ses18.CSV
2026-03-18 00:03:30,915 - WARNING - Found 176550 time values with hour >= 24 in /mnt/nfs/lss/vosslabhpc/Projects/BOOST/InterventionStudy/3-experiment/data/polarhrcsv/Unsupervised/sub8003/8003_wk8_ses10.CSV (sample 24:00:00); normalizing to HH%24
2026-03-18 00:03:31,560 - WARNING - Skipping file with long duration (3 days 01:02:29): /mnt/nfs/lss/vosslabhpc/Projects/BOOST/InterventionStudy/3-experiment/data/polarhrcsv/Unsupervised/sub8003/8003_wk8_ses10.CSV
2026-03-18 00:03:32,025 - WARNING - Found 12668 time values with hour >= 24 in /mnt/nfs/lss/vosslabhpc/Projects/BOOST/InterventionStudy/3-experiment/data/polarhrcsv/Unsupervised/sub8003/8003_wk12_ses29.CSV (sample 24:00:00); normalizing to HH%24
2026-03-18 00:03:32,253 - WARNING - Skipping file with long duration (1 days 03:31:07): /mnt/nfs/lss/vosslabhpc/Projects/BOOST/InterventionStudy/3-experiment/data/polarhrcsv/Unsupervised/sub8003/8003_wk12_ses29.CSV
2026-03-18 00:03:32,511 - WARNING - Skipping file with long duration (0 days 14:54:55): /mnt/nfs/lss/vosslabhpc/Projects/BOOST/InterventionStudy/3-experiment/data/polarhrcsv/Unsupervised/sub8003/8003_wk12_ses27.CSV
2026-03-18 00:03:36,535 - WARNING - Skipping file with long duration (0 days 15:35:06): /mnt/nfs/lss/vosslabhpc/Projects/BOOST/InterventionStudy/3-experiment/data/polarhrcsv/Unsupervised/sub8003/8003_wk12_ses28.CSV
2026-03-18 00:04:18,498 - WARNING - Skipping file with long duration (0 days 21:03:06): /mnt/nfs/lss/vosslabhpc/Projects/BOOST/InterventionStudy/3-experiment/data/polarhrcsv/Unsupervised/sub8002/8002_wk9_ses13.CSV
2026-03-18 00:04:20,314 - WARNING - Could not parse week from filename: Boost_Sub8011_2025-04-16_20-44-30.CSV; skipping
2026-03-18 00:04:20,314 - WARNING - Skipping file with unparseable week: /mnt/nfs/lss/vosslabhpc/Projects/BOOST/InterventionStudy/3-experiment/data/polarhrcsv/Unsupervised/sub8011/Boost_Sub8011_2025-04-16_20-44-30.CSV
2026-03-18 00:04:20,314 - WARNING - Could not parse week from filename: Boost_Sub8011_2025-05-16_19-25-57.CSV; skipping
2026-03-18 00:04:20,314 - WARNING - Skipping file with unparseable week: /mnt/nfs/lss/vosslabhpc/Projects/BOOST/InterventionStudy/3-experiment/data/polarhrcsv/Unsupervised/sub8011/Boost_Sub8011_2025-05-16_19-25-57.CSV
2026-03-18 00:04:20,314 - WARNING - Could not parse week from filename: Boost_Sub8011_2025-05-01_21-46-48.CSV; skipping
2026-03-18 00:04:20,314 - WARNING - Skipping file with unparseable week: /mnt/nfs/lss/vosslabhpc/Projects/BOOST/InterventionStudy/3-experiment/data/polarhrcsv/Unsupervised/sub8011/Boost_Sub8011_2025-05-01_21-46-48.CSV
2026-03-18 00:04:20,314 - WARNING - Could not parse week from filename: Boost_Sub8011_2025-04-19_11-55-39.CSV; skipping
2026-03-18 00:04:20,314 - WARNING - Skipping file with unparseable week: /mnt/nfs/lss/vosslabhpc/Projects/BOOST/InterventionStudy/3-experiment/data/polarhrcsv/Unsupervised/sub8011/Boost_Sub8011_2025-04-19_11-55-39.CSV
2026-03-18 00:04:20,314 - WARNING - Could not parse week from filename: Boost_Sub8011_2025-04-18_21-18-40.CSV; skipping
2026-03-18 00:04:20,314 - WARNING - Skipping file with unparseable week: /mnt/nfs/lss/vosslabhpc/Projects/BOOST/InterventionStudy/3-experiment/data/polarhrcsv/Unsupervised/sub8011/Boost_Sub8011_2025-04-18_21-18-40.CSV
2026-03-18 00:04:20,314 - WARNING - Could not parse week from filename: Boost_Sub8011_2025-05-14_20-57-57.CSV; skipping
2026-03-18 00:04:20,314 - WARNING - Skipping file with unparseable week: /mnt/nfs/lss/vosslabhpc/Projects/BOOST/InterventionStudy/3-experiment/data/polarhrcsv/Unsupervised/sub8011/Boost_Sub8011_2025-05-14_20-57-57.CSV
2026-03-18 00:04:20,314 - WARNING - Could not parse week from filename: Boost_Sub8011_2025-04-30_21-39-18.CSV; skipping
2026-03-18 00:04:20,314 - WARNING - Skipping file with unparseable week: /mnt/nfs/lss/vosslabhpc/Projects/BOOST/InterventionStudy/3-experiment/data/polarhrcsv/Unsupervised/sub8011/Boost_Sub8011_2025-04-30_21-39-18.CSV
2026-03-18 00:04:20,314 - WARNING - Could not parse week from filename: Boost_Sub8011_2025-05-11_22-20-13.CSV; skipping
2026-03-18 00:04:20,314 - WARNING - Skipping file with unparseable week: /mnt/nfs/lss/vosslabhpc/Projects/BOOST/InterventionStudy/3-experiment/data/polarhrcsv/Unsupervised/sub8011/Boost_Sub8011_2025-05-11_22-20-13.CSV
2026-03-18 00:04:20,314 - WARNING - Could not parse week from filename: Boost_Sub8011_2025-05-09_20-26-57.CSV; skipping
2026-03-18 00:04:20,315 - WARNING - Skipping file with unparseable week: /mnt/nfs/lss/vosslabhpc/Projects/BOOST/InterventionStudy/3-experiment/data/polarhrcsv/Unsupervised/sub8011/Boost_Sub8011_2025-05-09_20-26-57.CSV
2026-03-18 00:04:20,315 - WARNING - Could not parse week from filename: Boost_Sub8011_2025-04-23_20-48-32.CSV; skipping
2026-03-18 00:04:20,315 - WARNING - Skipping file with unparseable week: /mnt/nfs/lss/vosslabhpc/Projects/BOOST/InterventionStudy/3-experiment/data/polarhrcsv/Unsupervised/sub8011/Boost_Sub8011_2025-04-23_20-48-32.CSV
2026-03-18 00:04:20,315 - WARNING - Could not parse week from filename: Boost_Sub8011_2025-05-24_20-37-26.CSV; skipping
2026-03-18 00:04:20,315 - WARNING - Skipping file with unparseable week: /mnt/nfs/lss/vosslabhpc/Projects/BOOST/InterventionStudy/3-experiment/data/polarhrcsv/Unsupervised/sub8011/Boost_Sub8011_2025-05-24_20-37-26.CSV
2026-03-18 00:04:20,315 - WARNING - Could not parse week from filename: Boost_Sub8011_2025-05-08_20-46-27.CSV; skipping
2026-03-18 00:04:20,315 - WARNING - Skipping file with unparseable week: /mnt/nfs/lss/vosslabhpc/Projects/BOOST/InterventionStudy/3-experiment/data/polarhrcsv/Unsupervised/sub8011/Boost_Sub8011_2025-05-08_20-46-27.CSV
2026-03-18 00:04:20,315 - WARNING - Could not parse week from filename: Boost_Sub8011_2025-04-27_10-42-51.CSV; skipping
2026-03-18 00:04:20,315 - WARNING - Skipping file with unparseable week: /mnt/nfs/lss/vosslabhpc/Projects/BOOST/InterventionStudy/3-experiment/data/polarhrcsv/Unsupervised/sub8011/Boost_Sub8011_2025-04-27_10-42-51.CSV
2026-03-18 00:04:38,235 - INFO - QC summary written: qc_out.csv (401 rows)
2026-03-18 00:04:38,254 - INFO - Zone QC summary written: zone_out.csv (535 rows)
