2025-08-18 10:11:52,296 - INFO - NumExpr defaulting to 4 threads.
2025-08-18 10:11:52,403 - DEBUG - Processing session: /mnt/nfs/lss/vosslabhpc/Projects/BOOST/InterventionStudy/3-Experiment/data/polarhrcsv/Supervised
2025-08-18 10:11:52,647 - DEBUG - running missing check
2025-08-18 10:11:52,656 - DEBUG - running phantom zone qc
2025-08-18 10:11:52,686 - DEBUG - running missing check
2025-08-18 10:11:52,695 - DEBUG - running phantom zone qc
2025-08-18 10:11:52,723 - DEBUG - running missing check
2025-08-18 10:11:52,732 - DEBUG - running phantom zone qc
2025-08-18 10:11:52,759 - DEBUG - running missing check
2025-08-18 10:11:52,768 - DEBUG - running phantom zone qc
2025-08-18 10:11:52,796 - DEBUG - running missing check
2025-08-18 10:11:52,804 - DEBUG - running phantom zone qc
2025-08-18 10:11:52,832 - DEBUG - running missing check
2025-08-18 10:11:52,840 - DEBUG - running phantom zone qc
2025-08-18 10:11:52,867 - DEBUG - running missing check
2025-08-18 10:11:52,875 - DEBUG - running phantom zone qc
2025-08-18 10:11:52,902 - DEBUG - running missing check
2025-08-18 10:11:52,911 - DEBUG - running phantom zone qc
2025-08-18 10:11:52,939 - DEBUG - running missing check
2025-08-18 10:11:52,947 - DEBUG - running phantom zone qc
2025-08-18 10:11:52,975 - DEBUG - running missing check
2025-08-18 10:11:52,983 - DEBUG - running phantom zone qc
2025-08-18 10:11:53,010 - DEBUG - running missing check
2025-08-18 10:11:53,019 - DEBUG - running phantom zone qc
2025-08-18 10:11:53,046 - DEBUG - running missing check
2025-08-18 10:11:53,055 - DEBUG - running phantom zone qc
2025-08-18 10:11:53,082 - DEBUG - running missing check
2025-08-18 10:11:53,090 - DEBUG - running phantom zone qc
2025-08-18 10:11:53,118 - DEBUG - running missing check
2025-08-18 10:11:53,126 - DEBUG - running phantom zone qc
2025-08-18 10:11:53,153 - DEBUG - running missing check
2025-08-18 10:11:53,162 - DEBUG - running phantom zone qc
2025-08-18 10:11:53,190 - DEBUG - running missing check
2025-08-18 10:11:53,199 - DEBUG - running phantom zone qc
2025-08-18 10:11:53,226 - DEBUG - running missing check
2025-08-18 10:11:53,235 - DEBUG - running phantom zone qc
2025-08-18 10:11:53,263 - DEBUG - running missing check
2025-08-18 10:11:53,271 - DEBUG - running phantom zone qc
2025-08-18 10:11:53,298 - DEBUG - running missing check
2025-08-18 10:11:53,307 - DEBUG - running phantom zone qc
2025-08-18 10:11:53,335 - DEBUG - running missing check
2025-08-18 10:11:53,344 - DEBUG - running phantom zone qc
2025-08-18 10:11:53,372 - DEBUG - running missing check
2025-08-18 10:11:53,381 - DEBUG - running phantom zone qc
2025-08-18 10:11:53,408 - DEBUG - running missing check
2025-08-18 10:11:53,417 - DEBUG - running phantom zone qc
2025-08-18 10:11:53,458 - DEBUG - running missing check
2025-08-18 10:11:53,466 - DEBUG - running phantom zone qc
2025-08-18 10:11:53,495 - DEBUG - running missing check
2025-08-18 10:11:53,516 - DEBUG - running phantom zone qc
2025-08-18 10:11:53,545 - DEBUG - running missing check
2025-08-18 10:11:53,553 - DEBUG - running phantom zone qc
2025-08-18 10:11:53,588 - DEBUG - running missing check
2025-08-18 10:11:53,597 - DEBUG - running phantom zone qc
2025-08-18 10:11:53,626 - DEBUG - running missing check
2025-08-18 10:11:53,634 - DEBUG - running phantom zone qc
2025-08-18 10:11:53,663 - DEBUG - running missing check
2025-08-18 10:11:53,672 - DEBUG - running phantom zone qc
2025-08-18 10:11:53,700 - DEBUG - running missing check
2025-08-18 10:11:53,709 - DEBUG - running phantom zone qc
2025-08-18 10:11:53,737 - DEBUG - running missing check
2025-08-18 10:11:53,745 - DEBUG - running phantom zone qc
2025-08-18 10:11:53,780 - DEBUG - running missing check
2025-08-18 10:11:53,789 - DEBUG - running phantom zone qc
2025-08-18 10:11:53,818 - DEBUG - running missing check
2025-08-18 10:11:53,827 - DEBUG - running phantom zone qc
2025-08-18 10:11:53,856 - DEBUG - running missing check
2025-08-18 10:11:53,865 - DEBUG - running phantom zone qc
2025-08-18 10:11:53,893 - DEBUG - running missing check
2025-08-18 10:11:53,902 - DEBUG - running phantom zone qc
2025-08-18 10:11:53,931 - DEBUG - running missing check
2025-08-18 10:11:53,940 - DEBUG - running phantom zone qc
2025-08-18 10:11:53,969 - DEBUG - running missing check
2025-08-18 10:11:53,978 - DEBUG - running phantom zone qc
2025-08-18 10:11:54,006 - DEBUG - running missing check
2025-08-18 10:11:54,016 - DEBUG - running phantom zone qc
2025-08-18 10:11:54,045 - DEBUG - running missing check
2025-08-18 10:11:54,054 - DEBUG - running phantom zone qc
2025-08-18 10:11:54,083 - DEBUG - running missing check
2025-08-18 10:11:54,092 - DEBUG - running phantom zone qc
2025-08-18 10:11:54,121 - DEBUG - running missing check
2025-08-18 10:11:54,130 - DEBUG - running phantom zone qc
2025-08-18 10:11:54,159 - DEBUG - running missing check
2025-08-18 10:11:54,168 - DEBUG - running phantom zone qc
2025-08-18 10:11:54,197 - DEBUG - running missing check
2025-08-18 10:11:54,206 - DEBUG - running phantom zone qc
2025-08-18 10:11:54,234 - DEBUG - running missing check
2025-08-18 10:11:54,244 - DEBUG - running phantom zone qc
2025-08-18 10:11:54,273 - DEBUG - running missing check
2025-08-18 10:11:54,282 - DEBUG - running phantom zone qc
2025-08-18 10:11:54,311 - DEBUG - running missing check
2025-08-18 10:11:54,320 - DEBUG - running phantom zone qc
2025-08-18 10:11:54,349 - DEBUG - running missing check
2025-08-18 10:11:54,358 - DEBUG - running phantom zone qc
2025-08-18 10:11:54,387 - DEBUG - running missing check
2025-08-18 10:11:54,396 - DEBUG - running phantom zone qc
2025-08-18 10:11:54,424 - DEBUG - running missing check
2025-08-18 10:11:54,434 - DEBUG - running phantom zone qc
2025-08-18 10:11:54,476 - DEBUG - running missing check
2025-08-18 10:11:54,485 - DEBUG - running phantom zone qc
2025-08-18 10:11:54,514 - DEBUG - running missing check
2025-08-18 10:11:54,523 - DEBUG - running phantom zone qc
2025-08-18 10:11:54,552 - DEBUG - running missing check
2025-08-18 10:11:54,561 - DEBUG - running phantom zone qc
2025-08-18 10:11:54,596 - DEBUG - running missing check
2025-08-18 10:11:54,606 - DEBUG - running phantom zone qc
2025-08-18 10:11:54,635 - DEBUG - running missing check
2025-08-18 10:11:54,644 - DEBUG - running phantom zone qc
2025-08-18 10:11:54,673 - DEBUG - running missing check
2025-08-18 10:11:54,682 - DEBUG - running phantom zone qc
2025-08-18 10:11:54,711 - DEBUG - running missing check
2025-08-18 10:11:54,720 - DEBUG - running phantom zone qc
2025-08-18 10:11:54,766 - DEBUG - running missing check
2025-08-18 10:11:54,777 - DEBUG - running phantom zone qc
2025-08-18 10:11:54,820 - DEBUG - running missing check
2025-08-18 10:11:54,829 - DEBUG - running phantom zone qc
2025-08-18 10:11:54,869 - DEBUG - running missing check
2025-08-18 10:11:54,878 - DEBUG - running phantom zone qc
2025-08-18 10:11:54,907 - DEBUG - running missing check
2025-08-18 10:11:54,915 - DEBUG - running phantom zone qc
2025-08-18 10:11:54,943 - DEBUG - running missing check
2025-08-18 10:11:54,952 - DEBUG - running phantom zone qc
2025-08-18 10:11:54,986 - DEBUG - running missing check
2025-08-18 10:11:54,995 - DEBUG - running phantom zone qc
2025-08-18 10:11:55,022 - DEBUG - running missing check
2025-08-18 10:11:55,030 - DEBUG - running phantom zone qc
2025-08-18 10:11:55,058 - DEBUG - running missing check
2025-08-18 10:11:55,066 - DEBUG - running phantom zone qc
2025-08-18 10:11:55,095 - DEBUG - running missing check
2025-08-18 10:11:55,103 - DEBUG - running phantom zone qc
2025-08-18 10:11:55,130 - DEBUG - running missing check
2025-08-18 10:11:55,139 - DEBUG - running phantom zone qc
2025-08-18 10:11:55,167 - DEBUG - running missing check
2025-08-18 10:11:55,175 - DEBUG - running phantom zone qc
2025-08-18 10:11:55,202 - DEBUG - running missing check
2025-08-18 10:11:55,211 - DEBUG - running phantom zone qc
2025-08-18 10:11:55,238 - DEBUG - running missing check
2025-08-18 10:11:55,259 - DEBUG - running phantom zone qc
2025-08-18 10:11:55,288 - DEBUG - running missing check
2025-08-18 10:11:55,296 - DEBUG - running phantom zone qc
2025-08-18 10:11:55,324 - DEBUG - running missing check
2025-08-18 10:11:55,332 - DEBUG - running phantom zone qc
2025-08-18 10:11:55,360 - DEBUG - running missing check
2025-08-18 10:11:55,368 - DEBUG - running phantom zone qc
2025-08-18 10:11:55,395 - DEBUG - running missing check
2025-08-18 10:11:55,404 - DEBUG - running phantom zone qc
2025-08-18 10:11:55,431 - DEBUG - running missing check
2025-08-18 10:11:55,440 - DEBUG - running phantom zone qc
2025-08-18 10:11:55,487 - DEBUG - running missing check
2025-08-18 10:11:55,497 - DEBUG - running phantom zone qc
2025-08-18 10:11:55,530 - DEBUG - running missing check
2025-08-18 10:11:55,539 - DEBUG - running phantom zone qc
2025-08-18 10:11:55,579 - DEBUG - running missing check
2025-08-18 10:11:55,589 - DEBUG - running phantom zone qc
2025-08-18 10:11:55,622 - DEBUG - running missing check
2025-08-18 10:11:55,631 - DEBUG - running phantom zone qc
2025-08-18 10:11:55,660 - DEBUG - running missing check
2025-08-18 10:11:55,669 - DEBUG - running phantom zone qc
2025-08-18 10:11:55,696 - DEBUG - running missing check
2025-08-18 10:11:55,705 - DEBUG - running phantom zone qc
2025-08-18 10:11:55,732 - DEBUG - running missing check
2025-08-18 10:11:55,741 - DEBUG - running phantom zone qc
2025-08-18 10:11:55,779 - DEBUG - running missing check
2025-08-18 10:11:55,789 - DEBUG - running phantom zone qc
2025-08-18 10:11:55,816 - DEBUG - running missing check
2025-08-18 10:11:55,825 - DEBUG - running phantom zone qc
2025-08-18 10:11:55,852 - DEBUG - running missing check
2025-08-18 10:11:55,861 - DEBUG - running phantom zone qc
2025-08-18 10:11:55,888 - DEBUG - running missing check
2025-08-18 10:11:55,897 - DEBUG - running phantom zone qc
2025-08-18 10:11:55,923 - DEBUG - running missing check
2025-08-18 10:11:55,932 - DEBUG - running phantom zone qc
2025-08-18 10:11:55,959 - DEBUG - running missing check
2025-08-18 10:11:55,968 - DEBUG - running phantom zone qc
2025-08-18 10:11:55,997 - DEBUG - running missing check
2025-08-18 10:11:56,005 - DEBUG - running phantom zone qc
2025-08-18 10:11:56,032 - DEBUG - running missing check
2025-08-18 10:11:56,041 - DEBUG - running phantom zone qc
2025-08-18 10:11:56,080 - DEBUG - running missing check
2025-08-18 10:11:56,089 - DEBUG - running phantom zone qc
2025-08-18 10:11:56,116 - DEBUG - running missing check
2025-08-18 10:11:56,124 - DEBUG - running phantom zone qc
2025-08-18 10:11:56,156 - DEBUG - running missing check
2025-08-18 10:11:56,165 - DEBUG - running phantom zone qc
2025-08-18 10:11:56,192 - DEBUG - running missing check
2025-08-18 10:11:56,201 - DEBUG - running phantom zone qc
2025-08-18 10:11:56,242 - DEBUG - running missing check
2025-08-18 10:11:56,251 - DEBUG - running phantom zone qc
2025-08-18 10:11:56,280 - DEBUG - running missing check
2025-08-18 10:11:56,289 - DEBUG - running phantom zone qc
2025-08-18 10:11:56,316 - DEBUG - running missing check
2025-08-18 10:11:56,324 - DEBUG - running phantom zone qc
2025-08-18 10:11:56,353 - DEBUG - running missing check
2025-08-18 10:11:56,362 - DEBUG - running phantom zone qc
2025-08-18 10:11:56,389 - DEBUG - running missing check
2025-08-18 10:11:56,398 - DEBUG - running phantom zone qc
2025-08-18 10:11:56,425 - DEBUG - running missing check
2025-08-18 10:11:56,434 - DEBUG - running phantom zone qc
2025-08-18 10:11:56,462 - DEBUG - running missing check
2025-08-18 10:11:56,471 - DEBUG - running phantom zone qc
2025-08-18 10:11:56,503 - DEBUG - running missing check
2025-08-18 10:11:56,512 - DEBUG - running phantom zone qc
2025-08-18 10:11:56,545 - DEBUG - running missing check
2025-08-18 10:11:56,554 - DEBUG - running phantom zone qc
2025-08-18 10:11:56,581 - DEBUG - running missing check
2025-08-18 10:11:56,590 - DEBUG - running phantom zone qc
2025-08-18 10:11:56,619 - DEBUG - running missing check
2025-08-18 10:11:56,628 - DEBUG - running phantom zone qc
2025-08-18 10:11:56,659 - DEBUG - running missing check
2025-08-18 10:11:56,668 - DEBUG - running phantom zone qc
2025-08-18 10:11:56,704 - DEBUG - running missing check
2025-08-18 10:11:56,713 - DEBUG - running phantom zone qc
2025-08-18 10:11:56,740 - DEBUG - running missing check
2025-08-18 10:11:56,749 - DEBUG - running phantom zone qc
2025-08-18 10:11:56,776 - DEBUG - running missing check
2025-08-18 10:11:56,785 - DEBUG - running phantom zone qc
2025-08-18 10:11:56,812 - DEBUG - running missing check
2025-08-18 10:11:56,821 - DEBUG - running phantom zone qc
2025-08-18 10:11:56,860 - DEBUG - running missing check
2025-08-18 10:11:56,870 - DEBUG - running phantom zone qc
2025-08-18 10:11:56,897 - DEBUG - running missing check
2025-08-18 10:11:56,906 - DEBUG - running phantom zone qc
2025-08-18 10:11:56,934 - DEBUG - running missing check
2025-08-18 10:11:56,943 - DEBUG - running phantom zone qc
2025-08-18 10:11:56,970 - DEBUG - running missing check
2025-08-18 10:11:56,991 - DEBUG - running phantom zone qc
2025-08-18 10:11:57,018 - DEBUG - running missing check
2025-08-18 10:11:57,027 - DEBUG - running phantom zone qc
2025-08-18 10:11:57,054 - DEBUG - running missing check
2025-08-18 10:11:57,063 - DEBUG - running phantom zone qc
2025-08-18 10:11:57,090 - DEBUG - running missing check
2025-08-18 10:11:57,098 - DEBUG - running phantom zone qc
2025-08-18 10:11:57,125 - DEBUG - running missing check
2025-08-18 10:11:57,134 - DEBUG - running phantom zone qc
2025-08-18 10:11:57,162 - DEBUG - running missing check
2025-08-18 10:11:57,171 - DEBUG - running phantom zone qc
2025-08-18 10:11:57,210 - DEBUG - running missing check
2025-08-18 10:11:57,220 - DEBUG - running phantom zone qc
2025-08-18 10:11:57,260 - DEBUG - running missing check
2025-08-18 10:11:57,269 - DEBUG - running phantom zone qc
2025-08-18 10:11:57,296 - DEBUG - running missing check
2025-08-18 10:11:57,305 - DEBUG - running phantom zone qc
2025-08-18 10:11:57,350 - DEBUG - running missing check
2025-08-18 10:11:57,360 - DEBUG - running phantom zone qc
2025-08-18 10:11:57,400 - DEBUG - running missing check
2025-08-18 10:11:57,409 - DEBUG - running phantom zone qc
2025-08-18 10:11:57,436 - DEBUG - running missing check
2025-08-18 10:11:57,445 - DEBUG - running phantom zone qc
2025-08-18 10:11:57,473 - DEBUG - running missing check
2025-08-18 10:11:57,482 - DEBUG - running phantom zone qc
2025-08-18 10:11:57,525 - DEBUG - running missing check
2025-08-18 10:11:57,534 - DEBUG - running phantom zone qc
2025-08-18 10:11:57,566 - DEBUG - running missing check
2025-08-18 10:11:57,574 - DEBUG - running phantom zone qc
2025-08-18 10:11:57,602 - DEBUG - running missing check
2025-08-18 10:11:57,611 - DEBUG - running phantom zone qc
2025-08-18 10:11:57,651 - DEBUG - running missing check
2025-08-18 10:11:57,661 - DEBUG - running phantom zone qc
2025-08-18 10:11:57,692 - DEBUG - running missing check
2025-08-18 10:11:57,701 - DEBUG - running phantom zone qc
2025-08-18 10:11:57,729 - DEBUG - running missing check
2025-08-18 10:11:57,738 - DEBUG - running phantom zone qc
2025-08-18 10:11:57,766 - DEBUG - running missing check
2025-08-18 10:11:57,775 - DEBUG - running phantom zone qc
2025-08-18 10:11:57,815 - DEBUG - running missing check
2025-08-18 10:11:57,825 - DEBUG - running phantom zone qc
2025-08-18 10:11:57,854 - DEBUG - running missing check
2025-08-18 10:11:57,862 - DEBUG - running phantom zone qc
2025-08-18 10:11:57,891 - DEBUG - running missing check
2025-08-18 10:11:57,900 - DEBUG - running phantom zone qc
2025-08-18 10:11:57,940 - DEBUG - running missing check
2025-08-18 10:11:57,950 - DEBUG - running phantom zone qc
2025-08-18 10:11:57,977 - DEBUG - running missing check
2025-08-18 10:11:57,986 - DEBUG - running phantom zone qc
2025-08-18 10:11:58,014 - DEBUG - running missing check
2025-08-18 10:11:58,023 - DEBUG - running phantom zone qc
2025-08-18 10:11:58,050 - DEBUG - running missing check
2025-08-18 10:11:58,059 - DEBUG - running phantom zone qc
2025-08-18 10:11:58,087 - DEBUG - running missing check
2025-08-18 10:11:58,096 - DEBUG - running phantom zone qc
2025-08-18 10:11:58,123 - DEBUG - running missing check
2025-08-18 10:11:58,132 - DEBUG - running phantom zone qc
2025-08-18 10:11:58,178 - DEBUG - running missing check
2025-08-18 10:11:58,191 - DEBUG - running phantom zone qc
2025-08-18 10:11:58,229 - DEBUG - running missing check
2025-08-18 10:11:58,242 - DEBUG - running phantom zone qc
2025-08-18 10:11:58,279 - DEBUG - running missing check
2025-08-18 10:11:58,292 - DEBUG - running phantom zone qc
2025-08-18 10:11:58,328 - DEBUG - running missing check
2025-08-18 10:11:58,341 - DEBUG - running phantom zone qc
2025-08-18 10:11:58,391 - DEBUG - running missing check
2025-08-18 10:11:58,404 - DEBUG - running phantom zone qc
2025-08-18 10:11:58,442 - DEBUG - running missing check
2025-08-18 10:11:58,455 - DEBUG - running phantom zone qc
2025-08-18 10:11:58,505 - DEBUG - running missing check
2025-08-18 10:11:58,519 - DEBUG - running phantom zone qc
2025-08-18 10:11:58,560 - DEBUG - running missing check
2025-08-18 10:11:58,573 - DEBUG - running phantom zone qc
2025-08-18 10:11:58,614 - DEBUG - running missing check
2025-08-18 10:11:58,628 - DEBUG - running phantom zone qc
2025-08-18 10:11:58,666 - DEBUG - running missing check
2025-08-18 10:11:58,679 - DEBUG - running phantom zone qc
2025-08-18 10:11:58,721 - DEBUG - running missing check
2025-08-18 10:11:58,734 - DEBUG - running phantom zone qc
2025-08-18 10:11:58,771 - DEBUG - running missing check
2025-08-18 10:11:58,784 - DEBUG - running phantom zone qc
2025-08-18 10:11:58,835 - DEBUG - running missing check
2025-08-18 10:11:58,849 - DEBUG - running phantom zone qc
2025-08-18 10:11:58,900 - DEBUG - running missing check
2025-08-18 10:11:58,914 - DEBUG - running phantom zone qc
2025-08-18 10:11:58,952 - DEBUG - running missing check
2025-08-18 10:11:58,964 - DEBUG - running phantom zone qc
2025-08-18 10:11:59,001 - DEBUG - running missing check
2025-08-18 10:11:59,027 - DEBUG - running phantom zone qc
2025-08-18 10:11:59,076 - DEBUG - running missing check
2025-08-18 10:11:59,090 - DEBUG - running phantom zone qc
2025-08-18 10:11:59,127 - DEBUG - running missing check
2025-08-18 10:11:59,140 - DEBUG - running phantom zone qc
2025-08-18 10:11:59,192 - DEBUG - running missing check
2025-08-18 10:11:59,205 - DEBUG - running phantom zone qc
2025-08-18 10:11:59,242 - DEBUG - running missing check
2025-08-18 10:11:59,255 - DEBUG - running phantom zone qc
2025-08-18 10:11:59,294 - DEBUG - running missing check
2025-08-18 10:11:59,307 - DEBUG - running phantom zone qc
2025-08-18 10:11:59,345 - DEBUG - running missing check
2025-08-18 10:11:59,358 - DEBUG - running phantom zone qc
2025-08-18 10:11:59,394 - DEBUG - running missing check
2025-08-18 10:11:59,407 - DEBUG - running phantom zone qc
2025-08-18 10:11:59,445 - DEBUG - running missing check
2025-08-18 10:11:59,458 - DEBUG - running phantom zone qc
2025-08-18 10:11:59,498 - DEBUG - running missing check
2025-08-18 10:11:59,511 - DEBUG - running phantom zone qc
2025-08-18 10:11:59,549 - DEBUG - running missing check
2025-08-18 10:11:59,558 - DEBUG - running phantom zone qc
2025-08-18 10:11:59,590 - DEBUG - running missing check
2025-08-18 10:11:59,599 - DEBUG - running phantom zone qc
2025-08-18 10:11:59,646 - DEBUG - running missing check
2025-08-18 10:11:59,656 - DEBUG - running phantom zone qc
2025-08-18 10:11:59,687 - DEBUG - running missing check
2025-08-18 10:11:59,696 - DEBUG - running phantom zone qc
2025-08-18 10:11:59,730 - DEBUG - running missing check
2025-08-18 10:11:59,739 - DEBUG - running phantom zone qc
2025-08-18 10:11:59,781 - DEBUG - running missing check
2025-08-18 10:11:59,790 - DEBUG - running phantom zone qc
2025-08-18 10:11:59,820 - DEBUG - running missing check
2025-08-18 10:11:59,829 - DEBUG - running phantom zone qc
2025-08-18 10:11:59,859 - DEBUG - running missing check
2025-08-18 10:11:59,868 - DEBUG - running phantom zone qc
2025-08-18 10:11:59,898 - DEBUG - running missing check
2025-08-18 10:11:59,907 - DEBUG - running phantom zone qc
2025-08-18 10:11:59,937 - DEBUG - running missing check
2025-08-18 10:11:59,946 - DEBUG - running phantom zone qc
2025-08-18 10:11:59,977 - DEBUG - running missing check
2025-08-18 10:11:59,986 - DEBUG - running phantom zone qc
2025-08-18 10:12:00,016 - DEBUG - running missing check
2025-08-18 10:12:00,025 - DEBUG - running phantom zone qc
2025-08-18 10:12:00,054 - DEBUG - running missing check
2025-08-18 10:12:00,063 - DEBUG - running phantom zone qc
2025-08-18 10:12:00,093 - DEBUG - running missing check
2025-08-18 10:12:00,102 - DEBUG - running phantom zone qc
2025-08-18 10:12:00,132 - DEBUG - running missing check
2025-08-18 10:12:00,141 - DEBUG - running phantom zone qc
2025-08-18 10:12:00,184 - DEBUG - running missing check
2025-08-18 10:12:00,194 - DEBUG - running phantom zone qc
2025-08-18 10:12:00,235 - DEBUG - running missing check
2025-08-18 10:12:00,245 - DEBUG - running phantom zone qc
2025-08-18 10:12:00,275 - DEBUG - running missing check
2025-08-18 10:12:00,284 - DEBUG - running phantom zone qc
2025-08-18 10:12:00,313 - DEBUG - running missing check
2025-08-18 10:12:00,323 - DEBUG - running phantom zone qc
2025-08-18 10:12:00,352 - DEBUG - running missing check
2025-08-18 10:12:00,361 - DEBUG - running phantom zone qc
2025-08-18 10:12:00,390 - DEBUG - running missing check
2025-08-18 10:12:00,399 - DEBUG - running phantom zone qc
2025-08-18 10:12:00,429 - DEBUG - running missing check
2025-08-18 10:12:00,438 - DEBUG - running phantom zone qc
2025-08-18 10:12:00,481 - DEBUG - running missing check
2025-08-18 10:12:00,491 - DEBUG - running phantom zone qc
2025-08-18 10:12:00,521 - DEBUG - running missing check
2025-08-18 10:12:00,530 - DEBUG - running phantom zone qc
2025-08-18 10:12:00,565 - DEBUG - running missing check
2025-08-18 10:12:00,574 - DEBUG - running phantom zone qc
2025-08-18 10:12:00,619 - DEBUG - running missing check
2025-08-18 10:12:00,628 - DEBUG - running phantom zone qc
2025-08-18 10:12:00,676 - DEBUG - running missing check
2025-08-18 10:12:00,686 - DEBUG - running phantom zone qc
2025-08-18 10:12:00,719 - DEBUG - running missing check
2025-08-18 10:12:00,728 - DEBUG - running phantom zone qc
2025-08-18 10:12:00,765 - DEBUG - running missing check
2025-08-18 10:12:00,774 - DEBUG - running phantom zone qc
2025-08-18 10:12:00,805 - DEBUG - running missing check
2025-08-18 10:12:00,814 - DEBUG - running phantom zone qc
2025-08-18 10:12:00,848 - DEBUG - running missing check
2025-08-18 10:12:00,857 - DEBUG - running phantom zone qc
2025-08-18 10:12:00,887 - DEBUG - running missing check
2025-08-18 10:12:00,895 - DEBUG - running phantom zone qc
2025-08-18 10:12:00,923 - DEBUG - running missing check
2025-08-18 10:12:00,932 - DEBUG - running phantom zone qc
2025-08-18 10:12:00,960 - DEBUG - running missing check
2025-08-18 10:12:00,969 - DEBUG - running phantom zone qc
2025-08-18 10:12:00,997 - DEBUG - running missing check
2025-08-18 10:12:01,018 - DEBUG - running phantom zone qc
2025-08-18 10:12:01,047 - DEBUG - running missing check
2025-08-18 10:12:01,055 - DEBUG - running phantom zone qc
2025-08-18 10:12:01,083 - DEBUG - running missing check
2025-08-18 10:12:01,092 - DEBUG - running phantom zone qc
2025-08-18 10:12:01,120 - DEBUG - running missing check
2025-08-18 10:12:01,128 - DEBUG - running phantom zone qc
2025-08-18 10:12:01,157 - DEBUG - running missing check
2025-08-18 10:12:01,166 - DEBUG - running phantom zone qc
2025-08-18 10:12:01,194 - DEBUG - running missing check
2025-08-18 10:12:01,202 - DEBUG - running phantom zone qc
2025-08-18 10:12:01,231 - DEBUG - running missing check
2025-08-18 10:12:01,239 - DEBUG - running phantom zone qc
2025-08-18 10:12:01,271 - DEBUG - running missing check
2025-08-18 10:12:01,279 - DEBUG - running phantom zone qc
2025-08-18 10:12:01,309 - DEBUG - running missing check
2025-08-18 10:12:01,318 - DEBUG - running phantom zone qc
2025-08-18 10:12:01,346 - DEBUG - running missing check
2025-08-18 10:12:01,354 - DEBUG - running phantom zone qc
2025-08-18 10:12:01,383 - DEBUG - running missing check
2025-08-18 10:12:01,391 - DEBUG - running phantom zone qc
2025-08-18 10:12:01,419 - DEBUG - running missing check
2025-08-18 10:12:01,428 - DEBUG - running phantom zone qc
2025-08-18 10:12:01,455 - DEBUG - running missing check
2025-08-18 10:12:01,464 - DEBUG - running phantom zone qc
2025-08-18 10:12:01,493 - DEBUG - running missing check
2025-08-18 10:12:01,501 - DEBUG - running phantom zone qc
2025-08-18 10:12:01,537 - DEBUG - running missing check
2025-08-18 10:12:01,546 - DEBUG - running phantom zone qc
2025-08-18 10:12:01,579 - DEBUG - running missing check
2025-08-18 10:12:01,588 - DEBUG - running phantom zone qc
2025-08-18 10:12:01,635 - DEBUG - running missing check
2025-08-18 10:12:01,645 - DEBUG - running phantom zone qc
2025-08-18 10:12:01,677 - DEBUG - running missing check
2025-08-18 10:12:01,686 - DEBUG - running phantom zone qc
2025-08-18 10:12:01,727 - DEBUG - running missing check
2025-08-18 10:12:01,736 - DEBUG - running phantom zone qc
2025-08-18 10:12:01,780 - DEBUG - running missing check
2025-08-18 10:12:01,789 - DEBUG - running phantom zone qc
2025-08-18 10:12:01,817 - DEBUG - running missing check
2025-08-18 10:12:01,826 - DEBUG - running phantom zone qc
2025-08-18 10:12:01,867 - DEBUG - running missing check
2025-08-18 10:12:01,876 - DEBUG - running phantom zone qc
2025-08-18 10:12:01,904 - DEBUG - running missing check
2025-08-18 10:12:01,913 - DEBUG - running phantom zone qc
2025-08-18 10:12:01,941 - DEBUG - running missing check
2025-08-18 10:12:01,950 - DEBUG - running phantom zone qc
2025-08-18 10:12:01,977 - DEBUG - running missing check
2025-08-18 10:12:01,986 - DEBUG - running phantom zone qc
2025-08-18 10:12:02,027 - DEBUG - running missing check
2025-08-18 10:12:02,037 - DEBUG - running phantom zone qc
2025-08-18 10:12:02,065 - DEBUG - running missing check
2025-08-18 10:12:02,074 - DEBUG - running phantom zone qc
2025-08-18 10:12:02,113 - DEBUG - running missing check
2025-08-18 10:12:02,122 - DEBUG - running phantom zone qc
2025-08-18 10:12:02,150 - DEBUG - running missing check
2025-08-18 10:12:02,159 - DEBUG - running phantom zone qc
2025-08-18 10:12:02,188 - DEBUG - running missing check
2025-08-18 10:12:02,197 - DEBUG - running phantom zone qc
2025-08-18 10:12:02,225 - DEBUG - running missing check
2025-08-18 10:12:02,234 - DEBUG - running phantom zone qc
2025-08-18 10:12:02,261 - DEBUG - running missing check
2025-08-18 10:12:02,270 - DEBUG - running phantom zone qc
2025-08-18 10:12:02,298 - DEBUG - running missing check
2025-08-18 10:12:02,307 - DEBUG - running phantom zone qc
2025-08-18 10:12:02,334 - DEBUG - running missing check
2025-08-18 10:12:02,343 - DEBUG - running phantom zone qc
2025-08-18 10:12:02,386 - DEBUG - running missing check
2025-08-18 10:12:02,396 - DEBUG - running phantom zone qc
2025-08-18 10:12:02,424 - DEBUG - running missing check
2025-08-18 10:12:02,433 - DEBUG - running phantom zone qc
2025-08-18 10:12:02,472 - DEBUG - running missing check
2025-08-18 10:12:02,482 - DEBUG - running phantom zone qc
2025-08-18 10:12:02,510 - DEBUG - running missing check
2025-08-18 10:12:02,519 - DEBUG - running phantom zone qc
2025-08-18 10:12:02,550 - DEBUG - running missing check
2025-08-18 10:12:02,558 - DEBUG - running phantom zone qc
2025-08-18 10:12:02,589 - DEBUG - running missing check
2025-08-18 10:12:02,598 - DEBUG - running phantom zone qc
2025-08-18 10:12:02,633 - DEBUG - running missing check
2025-08-18 10:12:02,642 - DEBUG - running phantom zone qc
2025-08-18 10:12:02,682 - DEBUG - running missing check
2025-08-18 10:12:02,692 - DEBUG - running phantom zone qc
2025-08-18 10:12:02,724 - DEBUG - running missing check
2025-08-18 10:12:02,733 - DEBUG - running phantom zone qc
2025-08-18 10:12:02,773 - DEBUG - running missing check
2025-08-18 10:12:02,782 - DEBUG - running phantom zone qc
2025-08-18 10:12:02,816 - DEBUG - running missing check
2025-08-18 10:12:02,838 - DEBUG - running phantom zone qc
2025-08-18 10:12:02,865 - DEBUG - running missing check
2025-08-18 10:12:02,873 - DEBUG - running phantom zone qc
2025-08-18 10:12:02,913 - DEBUG - running missing check
2025-08-18 10:12:02,922 - DEBUG - running phantom zone qc
2025-08-18 10:12:02,950 - DEBUG - running missing check
2025-08-18 10:12:02,958 - DEBUG - running phantom zone qc
2025-08-18 10:12:02,986 - DEBUG - running missing check
2025-08-18 10:12:02,995 - DEBUG - running phantom zone qc
2025-08-18 10:12:03,023 - DEBUG - running missing check
2025-08-18 10:12:03,031 - DEBUG - running phantom zone qc
2025-08-18 10:12:03,072 - DEBUG - running missing check
2025-08-18 10:12:03,081 - DEBUG - running phantom zone qc
2025-08-18 10:12:03,108 - DEBUG - running missing check
2025-08-18 10:12:03,117 - DEBUG - running phantom zone qc
2025-08-18 10:12:03,144 - DEBUG - running missing check
2025-08-18 10:12:03,153 - DEBUG - running phantom zone qc
2025-08-18 10:12:03,180 - DEBUG - running missing check
2025-08-18 10:12:03,189 - DEBUG - running phantom zone qc
2025-08-18 10:12:03,227 - DEBUG - running missing check
2025-08-18 10:12:03,237 - DEBUG - running phantom zone qc
2025-08-18 10:12:03,265 - DEBUG - running missing check
2025-08-18 10:12:03,274 - DEBUG - running phantom zone qc
2025-08-18 10:12:03,302 - DEBUG - running missing check
2025-08-18 10:12:03,311 - DEBUG - running phantom zone qc
2025-08-18 10:12:03,352 - DEBUG - running missing check
2025-08-18 10:12:03,361 - DEBUG - running phantom zone qc
2025-08-18 10:12:03,389 - DEBUG - running missing check
2025-08-18 10:12:03,397 - DEBUG - running phantom zone qc
2025-08-18 10:12:03,425 - DEBUG - running missing check
2025-08-18 10:12:03,433 - DEBUG - running phantom zone qc
2025-08-18 10:12:03,473 - DEBUG - running missing check
2025-08-18 10:12:03,482 - DEBUG - running phantom zone qc
2025-08-18 10:12:03,522 - DEBUG - running missing check
2025-08-18 10:12:03,532 - DEBUG - running phantom zone qc
2025-08-18 10:12:03,561 - DEBUG - running missing check
2025-08-18 10:12:03,570 - DEBUG - running phantom zone qc
2025-08-18 10:12:03,613 - DEBUG - running missing check
2025-08-18 10:12:03,621 - DEBUG - running phantom zone qc
2025-08-18 10:12:03,652 - DEBUG - running missing check
2025-08-18 10:12:03,661 - DEBUG - running phantom zone qc
2025-08-18 10:12:03,689 - DEBUG - running missing check
2025-08-18 10:12:03,698 - DEBUG - running phantom zone qc
2025-08-18 10:12:03,743 - DEBUG - running missing check
2025-08-18 10:12:03,752 - DEBUG - running phantom zone qc
2025-08-18 10:12:03,787 - DEBUG - running missing check
2025-08-18 10:12:03,796 - DEBUG - running phantom zone qc
2025-08-18 10:12:03,834 - DEBUG - running missing check
2025-08-18 10:12:03,842 - DEBUG - running phantom zone qc
2025-08-18 10:12:03,871 - DEBUG - running missing check
2025-08-18 10:12:03,880 - DEBUG - running phantom zone qc
2025-08-18 10:12:03,907 - DEBUG - running missing check
2025-08-18 10:12:03,915 - DEBUG - running phantom zone qc
2025-08-18 10:12:03,954 - DEBUG - running missing check
2025-08-18 10:12:03,964 - DEBUG - running phantom zone qc
2025-08-18 10:12:03,991 - DEBUG - running missing check
2025-08-18 10:12:04,000 - DEBUG - running phantom zone qc
2025-08-18 10:12:04,027 - DEBUG - running missing check
2025-08-18 10:12:04,035 - DEBUG - running phantom zone qc
2025-08-18 10:12:04,062 - DEBUG - running missing check
2025-08-18 10:12:04,071 - DEBUG - running phantom zone qc
2025-08-18 10:12:04,112 - DEBUG - running missing check
2025-08-18 10:12:04,122 - DEBUG - running phantom zone qc
2025-08-18 10:12:04,150 - DEBUG - running missing check
2025-08-18 10:12:04,158 - DEBUG - running phantom zone qc
2025-08-18 10:12:04,203 - DEBUG - running missing check
2025-08-18 10:12:04,212 - DEBUG - running phantom zone qc
2025-08-18 10:12:04,239 - DEBUG - running missing check
2025-08-18 10:12:04,248 - DEBUG - running phantom zone qc
2025-08-18 10:12:04,288 - DEBUG - running missing check
2025-08-18 10:12:04,297 - DEBUG - running phantom zone qc
2025-08-18 10:12:04,325 - DEBUG - running missing check
2025-08-18 10:12:04,334 - DEBUG - running phantom zone qc
2025-08-18 10:12:04,361 - DEBUG - running missing check
2025-08-18 10:12:04,369 - DEBUG - running phantom zone qc
2025-08-18 10:12:04,397 - DEBUG - running missing check
2025-08-18 10:12:04,405 - DEBUG - running phantom zone qc
2025-08-18 10:12:04,444 - DEBUG - running missing check
2025-08-18 10:12:04,453 - DEBUG - running phantom zone qc
2025-08-18 10:12:04,479 - DEBUG - running missing check
2025-08-18 10:12:04,488 - DEBUG - running phantom zone qc
2025-08-18 10:12:04,528 - DEBUG - running missing check
2025-08-18 10:12:04,537 - DEBUG - running phantom zone qc
2025-08-18 10:12:04,566 - DEBUG - running missing check
2025-08-18 10:12:04,575 - DEBUG - running phantom zone qc
2025-08-18 10:12:04,604 - DEBUG - running missing check
2025-08-18 10:12:04,612 - DEBUG - running phantom zone qc
2025-08-18 10:12:04,640 - DEBUG - running missing check
2025-08-18 10:12:04,661 - DEBUG - running phantom zone qc
2025-08-18 10:12:04,690 - DEBUG - running missing check
2025-08-18 10:12:04,699 - DEBUG - running phantom zone qc
2025-08-18 10:12:04,728 - DEBUG - running missing check
2025-08-18 10:12:04,736 - DEBUG - running phantom zone qc
2025-08-18 10:12:04,771 - DEBUG - running missing check
2025-08-18 10:12:04,780 - DEBUG - running phantom zone qc
2025-08-18 10:12:04,809 - DEBUG - running missing check
2025-08-18 10:12:04,818 - DEBUG - running phantom zone qc
2025-08-18 10:12:04,853 - DEBUG - running missing check
2025-08-18 10:12:04,861 - DEBUG - running phantom zone qc
2025-08-18 10:12:04,892 - DEBUG - running missing check
2025-08-18 10:12:04,900 - DEBUG - running phantom zone qc
2025-08-18 10:12:04,927 - DEBUG - running missing check
2025-08-18 10:12:04,935 - DEBUG - running phantom zone qc
2025-08-18 10:12:04,962 - DEBUG - running missing check
2025-08-18 10:12:04,971 - DEBUG - running phantom zone qc
2025-08-18 10:12:04,999 - DEBUG - running missing check
2025-08-18 10:12:05,007 - DEBUG - running phantom zone qc
2025-08-18 10:12:05,035 - DEBUG - running missing check
2025-08-18 10:12:05,044 - DEBUG - running phantom zone qc
2025-08-18 10:12:05,070 - DEBUG - running missing check
2025-08-18 10:12:05,079 - DEBUG - running phantom zone qc
2025-08-18 10:12:05,106 - DEBUG - running missing check
2025-08-18 10:12:05,115 - DEBUG - running phantom zone qc
2025-08-18 10:12:05,142 - DEBUG - running missing check
2025-08-18 10:12:05,150 - DEBUG - running phantom zone qc
2025-08-18 10:12:05,178 - DEBUG - running missing check
2025-08-18 10:12:05,186 - DEBUG - running phantom zone qc
2025-08-18 10:12:05,214 - DEBUG - running missing check
2025-08-18 10:12:05,223 - DEBUG - running phantom zone qc
2025-08-18 10:12:05,256 - DEBUG - running missing check
2025-08-18 10:12:05,265 - DEBUG - running phantom zone qc
2025-08-18 10:12:05,293 - DEBUG - running missing check
2025-08-18 10:12:05,302 - DEBUG - running phantom zone qc
2025-08-18 10:12:05,341 - DEBUG - running missing check
2025-08-18 10:12:05,351 - DEBUG - running phantom zone qc
2025-08-18 10:12:05,379 - DEBUG - running missing check
2025-08-18 10:12:05,388 - DEBUG - running phantom zone qc
2025-08-18 10:12:05,416 - DEBUG - running missing check
2025-08-18 10:12:05,425 - DEBUG - running phantom zone qc
2025-08-18 10:12:05,453 - DEBUG - running missing check
2025-08-18 10:12:05,462 - DEBUG - running phantom zone qc
2025-08-18 10:12:05,491 - DEBUG - running missing check
2025-08-18 10:12:05,500 - DEBUG - running phantom zone qc
2025-08-18 10:12:05,540 - DEBUG - running missing check
2025-08-18 10:12:05,550 - DEBUG - running phantom zone qc
2025-08-18 10:12:05,579 - DEBUG - running missing check
2025-08-18 10:12:05,588 - DEBUG - running phantom zone qc
2025-08-18 10:12:05,631 - DEBUG - running missing check
2025-08-18 10:12:05,640 - DEBUG - running phantom zone qc
2025-08-18 10:12:05,668 - DEBUG - running missing check
2025-08-18 10:12:05,677 - DEBUG - running phantom zone qc
2025-08-18 10:12:05,707 - DEBUG - running missing check
2025-08-18 10:12:05,716 - DEBUG - running phantom zone qc
2025-08-18 10:12:05,747 - DEBUG - running missing check
2025-08-18 10:12:05,758 - DEBUG - running phantom zone qc
2025-08-18 10:12:05,791 - DEBUG - running missing check
2025-08-18 10:12:05,803 - DEBUG - running phantom zone qc
2025-08-18 10:12:05,833 - DEBUG - running missing check
2025-08-18 10:12:05,843 - DEBUG - running phantom zone qc
2025-08-18 10:12:05,878 - DEBUG - running missing check
2025-08-18 10:12:05,887 - DEBUG - running phantom zone qc
2025-08-18 10:12:05,916 - DEBUG - running missing check
2025-08-18 10:12:05,926 - DEBUG - running phantom zone qc
2025-08-18 10:12:05,955 - DEBUG - running missing check
2025-08-18 10:12:05,964 - DEBUG - running phantom zone qc
2025-08-18 10:12:05,993 - DEBUG - running missing check
2025-08-18 10:12:06,003 - DEBUG - running phantom zone qc
2025-08-18 10:12:06,030 - DEBUG - running missing check
2025-08-18 10:12:06,039 - DEBUG - running phantom zone qc
2025-08-18 10:12:06,066 - DEBUG - running missing check
2025-08-18 10:12:06,076 - DEBUG - running phantom zone qc
2025-08-18 10:12:06,103 - DEBUG - running missing check
2025-08-18 10:12:06,112 - DEBUG - running phantom zone qc
2025-08-18 10:12:06,139 - DEBUG - running missing check
2025-08-18 10:12:06,148 - DEBUG - running phantom zone qc
2025-08-18 10:12:06,175 - DEBUG - running missing check
2025-08-18 10:12:06,185 - DEBUG - running phantom zone qc
2025-08-18 10:12:06,212 - DEBUG - running missing check
2025-08-18 10:12:06,221 - DEBUG - running phantom zone qc
2025-08-18 10:12:06,255 - DEBUG - running missing check
2025-08-18 10:12:06,264 - DEBUG - running phantom zone qc
2025-08-18 10:12:06,293 - DEBUG - running missing check
2025-08-18 10:12:06,303 - DEBUG - running phantom zone qc
2025-08-18 10:12:06,330 - DEBUG - running missing check
2025-08-18 10:12:06,339 - DEBUG - running phantom zone qc
2025-08-18 10:12:06,366 - DEBUG - running missing check
2025-08-18 10:12:06,389 - DEBUG - running phantom zone qc
2025-08-18 10:12:06,421 - DEBUG - running missing check
2025-08-18 10:12:06,430 - DEBUG - running phantom zone qc
2025-08-18 10:12:06,457 - DEBUG - running missing check
2025-08-18 10:12:06,466 - DEBUG - running phantom zone qc
2025-08-18 10:12:06,492 - DEBUG - running missing check
2025-08-18 10:12:06,501 - DEBUG - running phantom zone qc
2025-08-18 10:12:06,528 - DEBUG - running missing check
2025-08-18 10:12:06,538 - DEBUG - running phantom zone qc
2025-08-18 10:12:06,565 - DEBUG - running missing check
2025-08-18 10:12:06,573 - DEBUG - running phantom zone qc
2025-08-18 10:12:06,601 - DEBUG - running missing check
2025-08-18 10:12:06,610 - DEBUG - running phantom zone qc
2025-08-18 10:12:06,640 - DEBUG - running missing check
2025-08-18 10:12:06,649 - DEBUG - running phantom zone qc
2025-08-18 10:12:06,677 - DEBUG - running missing check
2025-08-18 10:12:06,686 - DEBUG - running phantom zone qc
2025-08-18 10:12:06,715 - DEBUG - running missing check
2025-08-18 10:12:06,724 - DEBUG - running phantom zone qc
2025-08-18 10:12:06,751 - DEBUG - running missing check
2025-08-18 10:12:06,760 - DEBUG - running phantom zone qc
2025-08-18 10:12:06,787 - DEBUG - running missing check
2025-08-18 10:12:06,796 - DEBUG - running phantom zone qc
2025-08-18 10:12:06,827 - DEBUG - running missing check
2025-08-18 10:12:06,836 - DEBUG - running phantom zone qc
2025-08-18 10:12:06,864 - DEBUG - running missing check
2025-08-18 10:12:06,873 - DEBUG - running phantom zone qc
2025-08-18 10:12:06,910 - DEBUG - running missing check
2025-08-18 10:12:06,919 - DEBUG - running phantom zone qc
2025-08-18 10:12:06,947 - DEBUG - running missing check
2025-08-18 10:12:06,956 - DEBUG - running phantom zone qc
2025-08-18 10:12:06,983 - DEBUG - running missing check
2025-08-18 10:12:06,992 - DEBUG - running phantom zone qc
2025-08-18 10:12:07,020 - DEBUG - running missing check
2025-08-18 10:12:07,029 - DEBUG - running phantom zone qc
2025-08-18 10:12:07,056 - DEBUG - running missing check
2025-08-18 10:12:07,065 - DEBUG - running phantom zone qc
2025-08-18 10:12:07,092 - DEBUG - running missing check
2025-08-18 10:12:07,102 - DEBUG - running phantom zone qc
2025-08-18 10:12:07,132 - DEBUG - running missing check
2025-08-18 10:12:07,143 - DEBUG - running phantom zone qc
2025-08-18 10:12:07,174 - DEBUG - running missing check
2025-08-18 10:12:07,184 - DEBUG - running phantom zone qc
2025-08-18 10:12:07,212 - DEBUG - running missing check
2025-08-18 10:12:07,221 - DEBUG - running phantom zone qc
2025-08-18 10:12:07,250 - DEBUG - running missing check
2025-08-18 10:12:07,260 - DEBUG - running phantom zone qc
2025-08-18 10:12:07,289 - DEBUG - running missing check
2025-08-18 10:12:07,299 - DEBUG - running phantom zone qc
2025-08-18 10:12:07,328 - DEBUG - running missing check
2025-08-18 10:12:07,338 - DEBUG - running phantom zone qc
2025-08-18 10:12:07,367 - DEBUG - running missing check
2025-08-18 10:12:07,378 - DEBUG - running phantom zone qc
2025-08-18 10:12:07,407 - DEBUG - running missing check
2025-08-18 10:12:07,417 - DEBUG - running phantom zone qc
2025-08-18 10:12:07,447 - DEBUG - running missing check
2025-08-18 10:12:07,457 - DEBUG - running phantom zone qc
2025-08-18 10:12:07,486 - DEBUG - running missing check
2025-08-18 10:12:07,496 - DEBUG - running phantom zone qc
2025-08-18 10:12:07,524 - DEBUG - running missing check
2025-08-18 10:12:07,533 - DEBUG - running phantom zone qc
2025-08-18 10:12:07,573 - DEBUG - running missing check
2025-08-18 10:12:07,582 - DEBUG - running phantom zone qc
2025-08-18 10:12:07,611 - DEBUG - running missing check
2025-08-18 10:12:07,620 - DEBUG - running phantom zone qc
2025-08-18 10:12:07,651 - DEBUG - running missing check
2025-08-18 10:12:07,661 - DEBUG - running phantom zone qc
2025-08-18 10:12:07,688 - DEBUG - running missing check
2025-08-18 10:12:07,697 - DEBUG - running phantom zone qc
2025-08-18 10:12:07,727 - DEBUG - running missing check
2025-08-18 10:12:07,737 - DEBUG - running phantom zone qc
2025-08-18 10:12:07,766 - DEBUG - running missing check
2025-08-18 10:12:07,775 - DEBUG - running phantom zone qc
2025-08-18 10:12:07,803 - DEBUG - running missing check
2025-08-18 10:12:07,811 - DEBUG - running phantom zone qc
2025-08-18 10:12:07,843 - DEBUG - running missing check
2025-08-18 10:12:07,852 - DEBUG - running phantom zone qc
2025-08-18 10:12:07,879 - DEBUG - running missing check
2025-08-18 10:12:07,888 - DEBUG - running phantom zone qc
2025-08-18 10:12:07,921 - DEBUG - running missing check
2025-08-18 10:12:07,930 - DEBUG - running phantom zone qc
2025-08-18 10:12:07,969 - DEBUG - running missing check
2025-08-18 10:12:07,978 - DEBUG - running phantom zone qc
2025-08-18 10:12:08,018 - DEBUG - running missing check
2025-08-18 10:12:08,027 - DEBUG - running phantom zone qc
2025-08-18 10:12:08,054 - DEBUG - running missing check
2025-08-18 10:12:08,063 - DEBUG - running phantom zone qc
2025-08-18 10:12:08,090 - DEBUG - running missing check
2025-08-18 10:12:08,112 - DEBUG - running phantom zone qc
2025-08-18 10:12:08,139 - DEBUG - running missing check
2025-08-18 10:12:08,148 - DEBUG - running phantom zone qc
2025-08-18 10:12:08,175 - DEBUG - running missing check
2025-08-18 10:12:08,183 - DEBUG - running phantom zone qc
2025-08-18 10:12:08,210 - DEBUG - running missing check
2025-08-18 10:12:08,219 - DEBUG - running phantom zone qc
2025-08-18 10:12:08,247 - DEBUG - running missing check
2025-08-18 10:12:08,256 - DEBUG - running phantom zone qc
2025-08-18 10:12:08,283 - DEBUG - running missing check
2025-08-18 10:12:08,292 - DEBUG - running phantom zone qc
2025-08-18 10:12:08,319 - DEBUG - running missing check
2025-08-18 10:12:08,327 - DEBUG - running phantom zone qc
2025-08-18 10:12:08,355 - DEBUG - running missing check
2025-08-18 10:12:08,363 - DEBUG - running phantom zone qc
2025-08-18 10:12:08,391 - DEBUG - running missing check
2025-08-18 10:12:08,399 - DEBUG - running phantom zone qc
2025-08-18 10:12:08,427 - DEBUG - running missing check
2025-08-18 10:12:08,435 - DEBUG - running phantom zone qc
2025-08-18 10:12:08,475 - DEBUG - running missing check
2025-08-18 10:12:08,484 - DEBUG - running phantom zone qc
2025-08-18 10:12:08,512 - DEBUG - running missing check
2025-08-18 10:12:08,520 - DEBUG - running phantom zone qc
2025-08-18 10:12:08,548 - DEBUG - running missing check
2025-08-18 10:12:08,556 - DEBUG - running phantom zone qc
2025-08-18 10:12:08,586 - DEBUG - running missing check
2025-08-18 10:12:08,595 - DEBUG - running phantom zone qc
2025-08-18 10:12:08,632 - DEBUG - running missing check
2025-08-18 10:12:08,641 - DEBUG - running phantom zone qc
2025-08-18 10:12:08,672 - DEBUG - running missing check
2025-08-18 10:12:08,681 - DEBUG - running phantom zone qc
2025-08-18 10:12:08,681 - DEBUG - Processing session: /mnt/nfs/lss/vosslabhpc/Projects/BOOST/InterventionStudy/3-Experiment/data/polarhrcsv/Unsupervised
2025-08-18 10:12:08,829 - DEBUG - running missing check
2025-08-18 10:12:08,840 - DEBUG - running phantom zone qc
2025-08-18 10:12:08,872 - DEBUG - running missing check
2025-08-18 10:12:08,881 - DEBUG - running phantom zone qc
2025-08-18 10:12:08,909 - DEBUG - running missing check
2025-08-18 10:12:08,919 - DEBUG - running phantom zone qc
2025-08-18 10:12:08,952 - DEBUG - running missing check
2025-08-18 10:12:08,961 - DEBUG - running phantom zone qc
2025-08-18 10:12:08,989 - DEBUG - running missing check
2025-08-18 10:12:08,999 - DEBUG - running phantom zone qc
2025-08-18 10:12:09,028 - DEBUG - running missing check
2025-08-18 10:12:09,037 - DEBUG - running phantom zone qc
2025-08-18 10:12:09,065 - DEBUG - running missing check
2025-08-18 10:12:09,074 - DEBUG - running phantom zone qc
2025-08-18 10:12:09,102 - DEBUG - running missing check
2025-08-18 10:12:09,112 - DEBUG - running phantom zone qc
2025-08-18 10:12:09,140 - DEBUG - running missing check
2025-08-18 10:12:09,149 - DEBUG - running phantom zone qc
2025-08-18 10:12:09,177 - DEBUG - running missing check
2025-08-18 10:12:09,186 - DEBUG - running phantom zone qc
2025-08-18 10:12:09,215 - DEBUG - running missing check
2025-08-18 10:12:09,224 - DEBUG - running phantom zone qc
2025-08-18 10:12:09,252 - DEBUG - running missing check
2025-08-18 10:12:09,262 - DEBUG - running phantom zone qc
2025-08-18 10:12:09,290 - DEBUG - running missing check
2025-08-18 10:12:09,299 - DEBUG - running phantom zone qc
2025-08-18 10:12:09,327 - DEBUG - running missing check
2025-08-18 10:12:09,337 - DEBUG - running phantom zone qc
2025-08-18 10:12:09,365 - DEBUG - running missing check
2025-08-18 10:12:09,374 - DEBUG - running phantom zone qc
2025-08-18 10:12:09,403 - DEBUG - running missing check
2025-08-18 10:12:09,412 - DEBUG - running phantom zone qc
2025-08-18 10:12:09,442 - DEBUG - running missing check
2025-08-18 10:12:09,451 - DEBUG - running phantom zone qc
2025-08-18 10:12:09,480 - DEBUG - running missing check
2025-08-18 10:12:09,489 - DEBUG - running phantom zone qc
2025-08-18 10:12:09,519 - DEBUG - running missing check
2025-08-18 10:12:09,528 - DEBUG - running phantom zone qc
2025-08-18 10:12:09,556 - DEBUG - running missing check
2025-08-18 10:12:09,566 - DEBUG - running phantom zone qc
2025-08-18 10:12:09,594 - DEBUG - running missing check
2025-08-18 10:12:09,603 - DEBUG - running phantom zone qc
2025-08-18 10:12:09,633 - DEBUG - running missing check
2025-08-18 10:12:09,642 - DEBUG - running phantom zone qc
2025-08-18 10:12:09,674 - DEBUG - running missing check
2025-08-18 10:12:09,684 - DEBUG - running phantom zone qc
2025-08-18 10:12:09,713 - DEBUG - running missing check
2025-08-18 10:12:09,723 - DEBUG - running phantom zone qc
2025-08-18 10:12:09,778 - DEBUG - running missing check
2025-08-18 10:12:09,787 - DEBUG - running phantom zone qc
2025-08-18 10:12:09,818 - DEBUG - running missing check
2025-08-18 10:12:09,827 - DEBUG - running phantom zone qc
2025-08-18 10:12:09,856 - DEBUG - running missing check
2025-08-18 10:12:09,866 - DEBUG - running phantom zone qc
2025-08-18 10:12:09,900 - DEBUG - running missing check
2025-08-18 10:12:09,909 - DEBUG - running phantom zone qc
2025-08-18 10:12:09,939 - DEBUG - running missing check
2025-08-18 10:12:09,962 - DEBUG - running phantom zone qc
2025-08-18 10:12:09,996 - DEBUG - running missing check
2025-08-18 10:12:10,006 - DEBUG - running phantom zone qc
2025-08-18 10:12:10,041 - DEBUG - running missing check
2025-08-18 10:12:10,049 - DEBUG - running phantom zone qc
2025-08-18 10:12:10,079 - DEBUG - running missing check
2025-08-18 10:12:10,088 - DEBUG - running phantom zone qc
2025-08-18 10:12:10,118 - DEBUG - running missing check
2025-08-18 10:12:10,127 - DEBUG - running phantom zone qc
2025-08-18 10:12:10,156 - DEBUG - running missing check
2025-08-18 10:12:10,164 - DEBUG - running phantom zone qc
2025-08-18 10:12:10,192 - DEBUG - running missing check
2025-08-18 10:12:10,200 - DEBUG - running phantom zone qc
2025-08-18 10:12:10,229 - DEBUG - running missing check
2025-08-18 10:12:10,237 - DEBUG - running phantom zone qc
2025-08-18 10:12:10,265 - DEBUG - running missing check
2025-08-18 10:12:10,274 - DEBUG - running phantom zone qc
2025-08-18 10:12:10,303 - DEBUG - running missing check
2025-08-18 10:12:10,311 - DEBUG - running phantom zone qc
2025-08-18 10:12:10,339 - DEBUG - running missing check
2025-08-18 10:12:10,348 - DEBUG - running phantom zone qc
2025-08-18 10:12:10,375 - DEBUG - running missing check
2025-08-18 10:12:10,384 - DEBUG - running phantom zone qc
2025-08-18 10:12:10,412 - DEBUG - running missing check
2025-08-18 10:12:10,421 - DEBUG - running phantom zone qc
2025-08-18 10:12:10,449 - DEBUG - running missing check
2025-08-18 10:12:10,458 - DEBUG - running phantom zone qc
2025-08-18 10:12:10,485 - DEBUG - running missing check
2025-08-18 10:12:10,494 - DEBUG - running phantom zone qc
2025-08-18 10:12:10,523 - DEBUG - running missing check
2025-08-18 10:12:10,532 - DEBUG - running phantom zone qc
2025-08-18 10:12:10,561 - DEBUG - running missing check
2025-08-18 10:12:10,570 - DEBUG - running phantom zone qc
2025-08-18 10:12:10,599 - DEBUG - running missing check
2025-08-18 10:12:10,608 - DEBUG - running phantom zone qc
2025-08-18 10:12:10,638 - DEBUG - running missing check
2025-08-18 10:12:10,647 - DEBUG - running phantom zone qc
2025-08-18 10:12:10,678 - DEBUG - running missing check
2025-08-18 10:12:10,687 - DEBUG - running phantom zone qc
2025-08-18 10:12:10,731 - DEBUG - running missing check
2025-08-18 10:12:10,740 - DEBUG - running phantom zone qc
2025-08-18 10:12:10,773 - DEBUG - running missing check
2025-08-18 10:12:10,782 - DEBUG - running phantom zone qc
2025-08-18 10:12:10,809 - DEBUG - running missing check
2025-08-18 10:12:10,818 - DEBUG - running phantom zone qc
2025-08-18 10:12:10,845 - DEBUG - running missing check
2025-08-18 10:12:10,854 - DEBUG - running phantom zone qc
2025-08-18 10:12:10,882 - DEBUG - running missing check
2025-08-18 10:12:10,891 - DEBUG - running phantom zone qc
2025-08-18 10:12:10,922 - DEBUG - running missing check
2025-08-18 10:12:10,930 - DEBUG - running phantom zone qc
2025-08-18 10:12:10,958 - DEBUG - running missing check
2025-08-18 10:12:10,967 - DEBUG - running phantom zone qc
2025-08-18 10:12:11,001 - DEBUG - running missing check
2025-08-18 10:12:11,010 - DEBUG - running phantom zone qc
2025-08-18 10:12:11,039 - DEBUG - running missing check
2025-08-18 10:12:11,048 - DEBUG - running phantom zone qc
2025-08-18 10:12:11,076 - DEBUG - running missing check
2025-08-18 10:12:11,085 - DEBUG - running phantom zone qc
2025-08-18 10:12:11,113 - DEBUG - running missing check
2025-08-18 10:12:11,122 - DEBUG - running phantom zone qc
2025-08-18 10:12:11,151 - DEBUG - running missing check
2025-08-18 10:12:11,159 - DEBUG - running phantom zone qc
2025-08-18 10:12:11,189 - DEBUG - running missing check
2025-08-18 10:12:11,198 - DEBUG - running phantom zone qc
2025-08-18 10:12:11,226 - DEBUG - running missing check
2025-08-18 10:12:11,235 - DEBUG - running phantom zone qc
2025-08-18 10:12:11,265 - DEBUG - running missing check
2025-08-18 10:12:11,274 - DEBUG - running phantom zone qc
2025-08-18 10:12:11,303 - DEBUG - running missing check
2025-08-18 10:12:11,312 - DEBUG - running phantom zone qc
2025-08-18 10:12:11,340 - DEBUG - running missing check
2025-08-18 10:12:11,349 - DEBUG - running phantom zone qc
2025-08-18 10:12:11,378 - DEBUG - running missing check
2025-08-18 10:12:11,387 - DEBUG - running phantom zone qc
2025-08-18 10:12:11,415 - DEBUG - running missing check
2025-08-18 10:12:11,424 - DEBUG - running phantom zone qc
2025-08-18 10:12:11,452 - DEBUG - running missing check
2025-08-18 10:12:11,461 - DEBUG - running phantom zone qc
2025-08-18 10:12:11,488 - DEBUG - running missing check
2025-08-18 10:12:11,497 - DEBUG - running phantom zone qc
2025-08-18 10:12:11,526 - DEBUG - running missing check
2025-08-18 10:12:11,535 - DEBUG - running phantom zone qc
2025-08-18 10:12:11,564 - DEBUG - running missing check
2025-08-18 10:12:11,573 - DEBUG - running phantom zone qc
2025-08-18 10:12:11,601 - DEBUG - running missing check
2025-08-18 10:12:11,610 - DEBUG - running phantom zone qc
2025-08-18 10:12:11,645 - DEBUG - running missing check
2025-08-18 10:12:11,667 - DEBUG - running phantom zone qc
2025-08-18 10:12:11,700 - DEBUG - running missing check
2025-08-18 10:12:11,708 - DEBUG - running phantom zone qc
2025-08-18 10:12:11,737 - DEBUG - running missing check
2025-08-18 10:12:11,746 - DEBUG - running phantom zone qc
2025-08-18 10:12:11,777 - DEBUG - running missing check
2025-08-18 10:12:11,786 - DEBUG - running phantom zone qc
2025-08-18 10:12:11,815 - DEBUG - running missing check
2025-08-18 10:12:11,824 - DEBUG - running phantom zone qc
2025-08-18 10:12:11,852 - DEBUG - running missing check
2025-08-18 10:12:11,860 - DEBUG - running phantom zone qc
2025-08-18 10:12:11,888 - DEBUG - running missing check
2025-08-18 10:12:11,897 - DEBUG - running phantom zone qc
2025-08-18 10:12:11,929 - DEBUG - running missing check
2025-08-18 10:12:11,938 - DEBUG - running phantom zone qc
2025-08-18 10:12:11,967 - DEBUG - running missing check
2025-08-18 10:12:11,976 - DEBUG - running phantom zone qc
2025-08-18 10:12:12,011 - DEBUG - running missing check
2025-08-18 10:12:12,020 - DEBUG - running phantom zone qc
2025-08-18 10:12:12,049 - DEBUG - running missing check
2025-08-18 10:12:12,058 - DEBUG - running phantom zone qc
2025-08-18 10:12:12,087 - DEBUG - running missing check
2025-08-18 10:12:12,096 - DEBUG - running phantom zone qc
2025-08-18 10:12:12,124 - DEBUG - running missing check
2025-08-18 10:12:12,133 - DEBUG - running phantom zone qc
2025-08-18 10:12:12,163 - DEBUG - running missing check
2025-08-18 10:12:12,171 - DEBUG - running phantom zone qc
2025-08-18 10:12:12,200 - DEBUG - running missing check
2025-08-18 10:12:12,209 - DEBUG - running phantom zone qc
2025-08-18 10:12:12,238 - DEBUG - running missing check
2025-08-18 10:12:12,247 - DEBUG - running phantom zone qc
2025-08-18 10:12:12,276 - DEBUG - running missing check
2025-08-18 10:12:12,285 - DEBUG - running phantom zone qc
2025-08-18 10:12:12,313 - DEBUG - running missing check
2025-08-18 10:12:12,322 - DEBUG - running phantom zone qc
2025-08-18 10:12:12,351 - DEBUG - running missing check
2025-08-18 10:12:12,359 - DEBUG - running phantom zone qc
2025-08-18 10:12:12,387 - DEBUG - running missing check
2025-08-18 10:12:12,396 - DEBUG - running phantom zone qc
2025-08-18 10:12:12,424 - DEBUG - running missing check
2025-08-18 10:12:12,433 - DEBUG - running phantom zone qc
2025-08-18 10:12:12,462 - DEBUG - running missing check
2025-08-18 10:12:12,471 - DEBUG - running phantom zone qc
2025-08-18 10:12:12,500 - DEBUG - running missing check
2025-08-18 10:12:12,509 - DEBUG - running phantom zone qc
2025-08-18 10:12:12,537 - DEBUG - running missing check
2025-08-18 10:12:12,545 - DEBUG - running phantom zone qc
2025-08-18 10:12:12,573 - DEBUG - running missing check
2025-08-18 10:12:12,582 - DEBUG - running phantom zone qc
2025-08-18 10:12:12,610 - DEBUG - running missing check
2025-08-18 10:12:12,618 - DEBUG - running phantom zone qc
2025-08-18 10:12:12,648 - DEBUG - running missing check
2025-08-18 10:12:12,657 - DEBUG - running phantom zone qc
2025-08-18 10:12:12,684 - DEBUG - running missing check
2025-08-18 10:12:12,692 - DEBUG - running phantom zone qc
2025-08-18 10:12:12,723 - DEBUG - running missing check
2025-08-18 10:12:12,732 - DEBUG - running phantom zone qc
2025-08-18 10:12:12,771 - DEBUG - running missing check
2025-08-18 10:12:12,780 - DEBUG - running phantom zone qc
2025-08-18 10:12:12,818 - DEBUG - running missing check
2025-08-18 10:12:12,827 - DEBUG - running phantom zone qc
2025-08-18 10:12:12,856 - DEBUG - running missing check
2025-08-18 10:12:12,865 - DEBUG - running phantom zone qc
2025-08-18 10:12:12,893 - DEBUG - running missing check
2025-08-18 10:12:12,903 - DEBUG - running phantom zone qc
2025-08-18 10:12:12,934 - DEBUG - running missing check
2025-08-18 10:12:12,944 - DEBUG - running phantom zone qc
2025-08-18 10:12:12,973 - DEBUG - running missing check
2025-08-18 10:12:12,982 - DEBUG - running phantom zone qc
2025-08-18 10:12:13,026 - DEBUG - running missing check
2025-08-18 10:12:13,036 - DEBUG - running phantom zone qc
2025-08-18 10:12:13,076 - DEBUG - running missing check
2025-08-18 10:12:13,086 - DEBUG - running phantom zone qc
2025-08-18 10:12:13,129 - DEBUG - running missing check
2025-08-18 10:12:13,139 - DEBUG - running phantom zone qc
2025-08-18 10:12:13,180 - DEBUG - running missing check
2025-08-18 10:12:13,190 - DEBUG - running phantom zone qc
2025-08-18 10:12:13,219 - DEBUG - running missing check
2025-08-18 10:12:13,228 - DEBUG - running phantom zone qc
2025-08-18 10:12:13,256 - DEBUG - running missing check
2025-08-18 10:12:13,265 - DEBUG - running phantom zone qc
2025-08-18 10:12:13,293 - DEBUG - running missing check
2025-08-18 10:12:13,303 - DEBUG - running phantom zone qc
2025-08-18 10:12:13,345 - DEBUG - running missing check
2025-08-18 10:12:13,355 - DEBUG - running phantom zone qc
2025-08-18 10:12:13,383 - DEBUG - running missing check
2025-08-18 10:12:13,392 - DEBUG - running phantom zone qc
2025-08-18 10:12:13,420 - DEBUG - running missing check
2025-08-18 10:12:13,443 - DEBUG - running phantom zone qc
2025-08-18 10:12:13,471 - DEBUG - running missing check
2025-08-18 10:12:13,480 - DEBUG - running phantom zone qc
2025-08-18 10:12:13,508 - DEBUG - running missing check
2025-08-18 10:12:13,518 - DEBUG - running phantom zone qc
2025-08-18 10:12:13,546 - DEBUG - running missing check
2025-08-18 10:12:13,555 - DEBUG - running phantom zone qc
2025-08-18 10:12:13,595 - DEBUG - running missing check
2025-08-18 10:12:13,606 - DEBUG - running phantom zone qc
2025-08-18 10:12:13,634 - DEBUG - running missing check
2025-08-18 10:12:13,644 - DEBUG - running phantom zone qc
2025-08-18 10:12:13,674 - DEBUG - running missing check
2025-08-18 10:12:13,683 - DEBUG - running phantom zone qc
2025-08-18 10:12:13,711 - DEBUG - running missing check
2025-08-18 10:12:13,721 - DEBUG - running phantom zone qc
2025-08-18 10:12:13,752 - DEBUG - running missing check
2025-08-18 10:12:13,761 - DEBUG - running phantom zone qc
2025-08-18 10:12:13,790 - DEBUG - running missing check
2025-08-18 10:12:13,799 - DEBUG - running phantom zone qc
2025-08-18 10:12:13,832 - DEBUG - running missing check
2025-08-18 10:12:13,841 - DEBUG - running phantom zone qc
2025-08-18 10:12:13,869 - DEBUG - running missing check
2025-08-18 10:12:13,878 - DEBUG - running phantom zone qc
2025-08-18 10:12:13,906 - DEBUG - running missing check
2025-08-18 10:12:13,916 - DEBUG - running phantom zone qc
2025-08-18 10:12:13,961 - DEBUG - running missing check
2025-08-18 10:12:13,973 - DEBUG - running phantom zone qc
2025-08-18 10:12:14,010 - DEBUG - running missing check
2025-08-18 10:12:14,022 - DEBUG - running phantom zone qc
2025-08-18 10:12:14,064 - DEBUG - running missing check
2025-08-18 10:12:14,076 - DEBUG - running phantom zone qc
2025-08-18 10:12:14,111 - DEBUG - running missing check
2025-08-18 10:12:14,123 - DEBUG - running phantom zone qc
2025-08-18 10:12:14,158 - DEBUG - running missing check
2025-08-18 10:12:14,170 - DEBUG - running phantom zone qc
2025-08-18 10:12:14,204 - DEBUG - running missing check
2025-08-18 10:12:14,215 - DEBUG - running phantom zone qc
2025-08-18 10:12:14,250 - DEBUG - running missing check
2025-08-18 10:12:14,262 - DEBUG - running phantom zone qc
2025-08-18 10:12:14,296 - DEBUG - running missing check
2025-08-18 10:12:14,308 - DEBUG - running phantom zone qc
2025-08-18 10:12:14,343 - DEBUG - running missing check
2025-08-18 10:12:14,355 - DEBUG - running phantom zone qc
2025-08-18 10:12:14,390 - DEBUG - running missing check
2025-08-18 10:12:14,402 - DEBUG - running phantom zone qc
2025-08-18 10:12:14,436 - DEBUG - running missing check
2025-08-18 10:12:14,448 - DEBUG - running phantom zone qc
2025-08-18 10:12:14,483 - DEBUG - running missing check
2025-08-18 10:12:14,495 - DEBUG - running phantom zone qc
2025-08-18 10:12:14,529 - DEBUG - running missing check
2025-08-18 10:12:14,541 - DEBUG - running phantom zone qc
2025-08-18 10:12:14,587 - DEBUG - running missing check
2025-08-18 10:12:14,600 - DEBUG - running phantom zone qc
2025-08-18 10:12:14,634 - DEBUG - running missing check
2025-08-18 10:12:14,645 - DEBUG - running phantom zone qc
2025-08-18 10:12:14,680 - DEBUG - running missing check
2025-08-18 10:12:14,692 - DEBUG - running phantom zone qc
2025-08-18 10:12:14,735 - DEBUG - running missing check
2025-08-18 10:12:14,747 - DEBUG - running phantom zone qc
2025-08-18 10:12:14,788 - DEBUG - running missing check
2025-08-18 10:12:14,801 - DEBUG - running phantom zone qc
2025-08-18 10:12:14,838 - DEBUG - running missing check
2025-08-18 10:12:14,851 - DEBUG - running phantom zone qc
2025-08-18 10:12:14,890 - DEBUG - running missing check
2025-08-18 10:12:14,903 - DEBUG - running phantom zone qc
2025-08-18 10:12:14,940 - DEBUG - running missing check
2025-08-18 10:12:14,953 - DEBUG - running phantom zone qc
2025-08-18 10:12:14,992 - DEBUG - running missing check
2025-08-18 10:12:15,004 - DEBUG - running phantom zone qc
2025-08-18 10:12:15,040 - DEBUG - running missing check
2025-08-18 10:12:15,053 - DEBUG - running phantom zone qc
2025-08-18 10:12:15,105 - DEBUG - running missing check
2025-08-18 10:12:15,118 - DEBUG - running phantom zone qc
2025-08-18 10:12:15,168 - DEBUG - running missing check
2025-08-18 10:12:15,181 - DEBUG - running phantom zone qc
2025-08-18 10:12:15,218 - DEBUG - running missing check
2025-08-18 10:12:15,230 - DEBUG - running phantom zone qc
2025-08-18 10:12:15,266 - DEBUG - running missing check
2025-08-18 10:12:15,279 - DEBUG - running phantom zone qc
2025-08-18 10:12:15,328 - DEBUG - running missing check
2025-08-18 10:12:15,342 - DEBUG - running phantom zone qc
2025-08-18 10:12:15,379 - DEBUG - running missing check
2025-08-18 10:12:15,392 - DEBUG - running phantom zone qc
2025-08-18 10:12:15,426 - DEBUG - running missing check
2025-08-18 10:12:15,435 - DEBUG - running phantom zone qc
2025-08-18 10:12:15,477 - DEBUG - running missing check
2025-08-18 10:12:15,487 - DEBUG - running phantom zone qc
2025-08-18 10:12:15,515 - DEBUG - running missing check
2025-08-18 10:12:15,538 - DEBUG - running phantom zone qc
2025-08-18 10:12:15,566 - DEBUG - running missing check
2025-08-18 10:12:15,576 - DEBUG - running phantom zone qc
2025-08-18 10:12:15,617 - DEBUG - running missing check
2025-08-18 10:12:15,627 - DEBUG - running phantom zone qc
2025-08-18 10:12:15,669 - DEBUG - running missing check
2025-08-18 10:12:15,678 - DEBUG - running phantom zone qc
2025-08-18 10:12:15,709 - DEBUG - running missing check
2025-08-18 10:12:15,718 - DEBUG - running phantom zone qc
2025-08-18 10:12:15,746 - DEBUG - running missing check
2025-08-18 10:12:15,755 - DEBUG - running phantom zone qc
2025-08-18 10:12:15,799 - DEBUG - running missing check
2025-08-18 10:12:15,808 - DEBUG - running phantom zone qc
2025-08-18 10:12:15,836 - DEBUG - running missing check
2025-08-18 10:12:15,845 - DEBUG - running phantom zone qc
2025-08-18 10:12:15,873 - DEBUG - running missing check
2025-08-18 10:12:15,882 - DEBUG - running phantom zone qc
2025-08-18 10:12:15,927 - DEBUG - running missing check
2025-08-18 10:12:15,937 - DEBUG - running phantom zone qc
2025-08-18 10:12:15,965 - DEBUG - running missing check
2025-08-18 10:12:15,974 - DEBUG - running phantom zone qc
2025-08-18 10:12:16,005 - DEBUG - running missing check
2025-08-18 10:12:16,014 - DEBUG - running phantom zone qc
2025-08-18 10:12:16,042 - DEBUG - running missing check
2025-08-18 10:12:16,051 - DEBUG - running phantom zone qc
2025-08-18 10:12:16,079 - DEBUG - running missing check
2025-08-18 10:12:16,088 - DEBUG - running phantom zone qc
2025-08-18 10:12:16,130 - DEBUG - running missing check
2025-08-18 10:12:16,140 - DEBUG - running phantom zone qc
2025-08-18 10:12:16,169 - DEBUG - running missing check
2025-08-18 10:12:16,178 - DEBUG - running phantom zone qc
2025-08-18 10:12:16,205 - DEBUG - running missing check
2025-08-18 10:12:16,214 - DEBUG - running phantom zone qc
2025-08-18 10:12:16,242 - DEBUG - running missing check
2025-08-18 10:12:16,250 - DEBUG - running phantom zone qc
2025-08-18 10:12:16,281 - DEBUG - running missing check
2025-08-18 10:12:16,290 - DEBUG - running phantom zone qc
2025-08-18 10:12:16,317 - DEBUG - running missing check
2025-08-18 10:12:16,326 - DEBUG - running phantom zone qc
2025-08-18 10:12:16,354 - DEBUG - running missing check
2025-08-18 10:12:16,364 - DEBUG - running phantom zone qc
2025-08-18 10:12:16,404 - DEBUG - running missing check
2025-08-18 10:12:16,413 - DEBUG - running phantom zone qc
2025-08-18 10:12:16,442 - DEBUG - running missing check
2025-08-18 10:12:16,451 - DEBUG - running phantom zone qc
2025-08-18 10:12:16,561 - INFO - QC summary written: ../qc_out.csv (85 rows)
2025-08-18 10:12:16,742 - DEBUG - Subject sub8000: sup_n=27, sup_den=30, unsup_n=24, unsup_den=25
2025-08-18 10:12:16,754 - DEBUG - Subject sub8001: sup_n=0, sup_den=0, unsup_n=0, unsup_den=0
2025-08-18 10:12:16,776 - DEBUG - Subject sub8002: sup_n=20, sup_den=30, unsup_n=27, unsup_den=30
2025-08-18 10:12:16,793 - DEBUG - Subject sub8003: sup_n=29, sup_den=30, unsup_n=30, unsup_den=30
2025-08-18 10:12:16,810 - DEBUG - Subject sub8004: sup_n=30, sup_den=30, unsup_n=18, unsup_den=25
2025-08-18 10:12:16,826 - DEBUG - Subject sub8005: sup_n=30, sup_den=30, unsup_n=30, unsup_den=30
2025-08-18 10:12:16,842 - DEBUG - Subject sub8006: sup_n=30, sup_den=30, unsup_n=25, unsup_den=30
2025-08-18 10:12:16,854 - DEBUG - Subject sub8007: sup_n=0, sup_den=0, unsup_n=0, unsup_den=0
2025-08-18 10:12:16,869 - DEBUG - Subject sub8008: sup_n=25, sup_den=30, unsup_n=16, unsup_den=30
2025-08-18 10:12:16,881 - DEBUG - Subject sub8009: sup_n=0, sup_den=0, unsup_n=0, unsup_den=0
2025-08-18 10:12:16,888 - DEBUG - Subject sub8010: sup_n=0, sup_den=0, unsup_n=0, unsup_den=0
2025-08-18 10:12:16,906 - DEBUG - Subject sub8011: sup_n=18, sup_den=20, unsup_n=13, unsup_den=0
2025-08-18 10:12:16,915 - DEBUG - Subject sub8014: sup_n=0, sup_den=0, unsup_n=0, unsup_den=0
2025-08-18 10:12:16,929 - DEBUG - Subject sub8016: sup_n=30, sup_den=30, unsup_n=0, unsup_den=0
2025-08-18 10:12:16,943 - DEBUG - Subject sub8017: sup_n=29, sup_den=30, unsup_n=0, unsup_den=0
2025-08-18 10:12:16,954 - DEBUG - Subject sub8018: sup_n=0, sup_den=0, unsup_n=0, unsup_den=0
2025-08-18 10:12:16,968 - DEBUG - Subject sub8019: sup_n=26, sup_den=27, unsup_n=0, unsup_den=0
2025-08-18 10:12:16,984 - DEBUG - Subject sub8020: sup_n=30, sup_den=30, unsup_n=0, unsup_den=0
2025-08-18 10:12:16,991 - DEBUG - Subject sub8021: sup_n=0, sup_den=0, unsup_n=0, unsup_den=0
2025-08-18 10:12:17,003 - DEBUG - Subject sub8022: sup_n=27, sup_den=28, unsup_n=0, unsup_den=0
2025-08-18 10:12:17,010 - DEBUG - Subject sub8024: sup_n=0, sup_den=0, unsup_n=0, unsup_den=0
2025-08-18 10:12:17,016 - DEBUG - Subject sub8026: sup_n=9, sup_den=15, unsup_n=0, unsup_den=0
2025-08-18 10:12:17,029 - DEBUG - Subject sub8030: sup_n=30, sup_den=30, unsup_n=0, unsup_den=0
2025-08-18 10:12:17,036 - DEBUG - Subject sub8035: sup_n=1, sup_den=2, unsup_n=0, unsup_den=0
